0.25 hmcarbon and cellulose
volfrac    comp    time     CO2
   0.20 4944.33 3437.63 3123.38
   0.25 4008.05 3448.12 3308.07
   0.30 3181.90 3379.14 3953.60
   0.35 2399.39 3391.59 4610.34
   0.40 2191.23 3397.96 5220.58
   0.45 1789.86 3443.15 5887.99
   0.50 1360.35 3324.59 6516.23
   0.55 1541.22 3316.11 7120.56

0.5 hmcarbon and cellulose
volfrac    comp    time     CO2
   0.20 3696.25 3452.47 3206.59
   0.25 2529.51 3448.77 4047.73
   0.30 1941.83 3391.12 4816.63
   0.35 1610.23 3351.86 5588.73
   0.40 1169.31 3383.47 6389.40
   0.45 1229.32 3374.99 7124.55
   0.50 1118.63 3367.65 7966.38
   0.55  813.55 3298.71 8641.46

0.25 hmcarbon and pla
volfrac    comp    time     CO2
   0.20 3315.65 3453.62 3120.34
   0.25 2176.17 3416.10 3890.10
   0.30 1515.96 3354.32 4666.02
   0.35 1458.52 3326.60 5410.81
   0.40 1106.38 3451.31 6202.23
   0.45  988.97 3369.45 6889.67
   0.50  611.74 3342.09 7684.78
   0.55  698.32 3304.38 8358.21

0.5 hmcarbon and pla
volfrac    comp    time     CO2
   0.20 2055.42 3460.52 3541.97
   0.25 1745.89 3391.19 4392.15
   0.30 1298.57 3345.15 5289.01
   0.35 1054.03 3318.60 6123.35
   0.40  718.16 3363.01 7002.91
   0.45  619.53 3375.20 7844.75
   0.50  643.23 3317.59 8681.40
   0.55  556.65 3332.34 9528.47

0.25 hmcarbon and petg
volfrac    comp    time     CO2
   0.20 5803.04 3483.76 4299.30
   0.25 5227.05 3538.51 4474.43
   0.30 4419.16 3461.30 4568.71
   0.35 3688.87 3430.11 5343.35
   0.40 3324.33 3463.51 6093.40
   0.45 2498.02 3408.48 6846.86
   0.50 2559.81 3340.96 7497.60
   0.55 1902.22 3385.37 8323.61

0.5 hmcarbon and petg
volfrac    comp    time     CO2
   0.20 4477.14 3501.06 3932.40
   0.25 4254.29 3537.17 4372.69
   0.30 2510.68 3396.17 5249.43
   0.35 2676.88 3421.00 6110.95
   0.40 2087.59 3492.26 6902.97
   0.45 1806.27 3397.92 7778.81
   0.50 1560.54 3378.34 8639.09
   0.55 1255.89 3370.28 9427.94

0.25 hmcarbon and epoxy
volfrac    comp    time     CO2
   0.20 4740.72 3484.79 3663.87
   0.25 4645.60 3498.26 4128.43
   0.30 3599.15 3425.07 4543.56
   0.35 3271.48 3455.12 5278.50
   0.40 2715.81 3425.68 5987.57
   0.45 2075.19 3439.99 6784.28
   0.50 2276.71 3342.84 7499.42
   0.55 1949.30 3384.93 8224.77

0.5 hmcarbon and epoxy
volfrac    comp    time     CO2
   0.20 4374.56 3522.56 3579.95
   0.25 3441.70 3536.71 4326.86
   0.30 2628.63 3433.11 5243.50
   0.35 2345.84 3416.90 6091.01
   0.40 1816.71 3458.15 6902.10
   0.45 1534.45 3408.44 7745.79
   0.50 1278.34 3398.41 8526.34
   0.55 1260.43 3389.34 9407.43

0.25 hmcarbon and polyester
volfrac    comp    time     CO2
   0.20 2631.97 3438.50 3259.54
   0.25 2725.68 3455.45 4087.64
   0.30 2213.86 3334.00 4899.43
   0.35 1717.01 3345.89 5625.78
   0.40 1056.66 3364.46 6441.73
   0.45 1326.29 3376.74 7236.55
   0.50  982.14 3327.89 8000.87
   0.55  997.90 3337.23 8735.46

0.5 hmcarbon and polyester
volfrac    comp    time     CO2
   0.20 2376.11 3439.93 3642.38
   0.25 1593.80 3426.70 4514.72
   0.30 1573.56 3326.15 5417.30
   0.35 1420.31 3352.58 6320.11
   0.40 1028.75 3362.96 7221.07
   0.45  930.86 3365.29 8087.36
   0.50  639.28 3306.46 8984.32
   0.55  700.66 3328.67 9756.63

0.25 lmcarbon and cellulose
volfrac    comp    time     CO2
   0.20 3333.52 3400.96 2493.75
   0.25 3382.14 3398.01 3123.75
   0.30 2664.21 3334.84 3730.41
   0.35 1129.19 3341.50 4334.83
   0.40 1420.45 3395.97 4897.04
   0.45 1279.95 3343.63 5557.49
   0.50  996.37 3320.45 6167.31
   0.55 1239.00 3369.22 6732.39

0.5 lmcarbon and cellulose
volfrac    comp    time     CO2
   0.20 3127.32 3445.43 2929.94
   0.25 2331.71 3408.67 3666.55
   0.30 1646.52 3348.23 4364.39
   0.35 1121.32 3317.33 5119.00
   0.40  953.55 3399.67 5765.18
   0.45 1242.02 3370.93 6524.88
   0.50  910.62 3338.86 7208.84
   0.55  605.63 3291.41 7969.38

0.25 lmcarbon and pla
volfrac    comp    time     CO2
   0.20 2485.04 3422.12 2977.03
   0.25 2107.03 3359.47 3711.84
   0.30 1325.47 3336.64 4467.87
   0.35 1410.61 3321.36 5186.24
   0.40  747.25 3391.58 5911.36
   0.45  717.54 3353.27 6630.68
   0.50  580.15 3325.47 7380.20
   0.55  558.34 3320.56 8063.14

0.5 lmcarbon and pla
volfrac    comp    time     CO2
   0.20 2032.98 3364.22 3251.60
   0.25 1433.20 3376.39 4064.27
   0.30  855.67 3325.60 4864.54
   0.35  942.87 3320.98 5683.17
   0.40  779.77 3332.89 6457.85
   0.45  435.27 3349.32 7257.71
   0.50  643.79 3293.30 7966.15
   0.55  443.43 3311.14 8818.11

0.25 lmcarbon and petg
volfrac    comp    time     CO2
   0.20 5752.52 3448.53 4064.73
   0.25 4498.56 3426.31 3867.33
   0.30 5089.98 3388.29 4725.24
   0.35 3785.93 3351.40 5103.61
   0.40 3368.48 3405.80 5817.20
   0.45 2656.74 3385.43 6539.51
   0.50 2097.57 3335.04 7252.48
   0.55 1928.75 3358.34 7929.50

0.5 lmcarbon and petg
volfrac    comp    time     CO2
   0.20 4770.14 3453.96 3786.71
   0.25 3933.90 3458.52 4004.06
   0.30 3436.56 3400.08 4828.68
   0.35 2740.49 3404.05 5605.08
   0.40 1801.19 3375.51 6372.56
   0.45 1916.41 3397.07 7163.86
   0.50 1659.72 3346.79 7917.66
   0.55 1393.43 3399.83 8639.37

0.25 lmcarbon and epoxy
volfrac    comp    time     CO2
   0.20 5481.45 3386.86 3638.94
   0.25 4485.91 3432.81 3729.84
   0.30 3196.09 3338.37 4339.00
   0.35 2961.27 3345.31 5060.82
   0.40 2491.88 3368.96 5747.89
   0.45 2802.69 3382.43 6474.77
   0.50 1881.45 3375.16 7162.24
   0.55 1696.00 3336.49 7876.18

0.5 lmcarbon and epoxy
volfrac    comp    time     CO2
   0.20 4388.53 3414.97 3353.65
   0.25 3429.49 3459.96 4006.73
   0.30 2483.76 3341.91 4743.60
   0.35 1836.34 3377.10 5591.49
   0.40 1960.33 3383.46 6373.77
   0.45 1171.98 3372.89 7111.00
   0.50 1508.75 3340.82 7874.91
   0.55 1054.62 3325.24 8631.58

0.25 lmcarbon and polyester
volfrac    comp    time     CO2
   0.20 3724.03 3413.19 3121.94
   0.25 2427.90 3404.74 3882.01
   0.30 1408.68 3334.04 4675.42
   0.35 1400.60 3340.42 5441.21
   0.40  746.86 3381.19 6207.69
   0.45 1244.65 3377.88 6972.23
   0.50  794.78 3349.46 7755.86
   0.55  620.91 3326.57 8488.81

0.5 lmcarbon and polyester
volfrac    comp    time     CO2
   0.20 2317.15 3403.64 3358.63
   0.25 1000.12 3432.31 4169.38
   0.30 1076.84 3322.42 4965.77
   0.35  819.98 3329.10 5833.72
   0.40  980.68 3371.82 6651.93
   0.45  823.14 3357.64 7466.28
   0.50  630.04 3313.61 8211.09
   0.55  389.47 3362.73 9076.13

0.25 sglass and cellulose
volfrac    comp    time     CO2
   0.20 2517.99 3384.36 2873.84
   0.25 1514.14 3405.04 3599.58
   0.30 1254.75 3332.56 4313.06
   0.35 1265.29 3341.91 4999.78
   0.40 1388.34 3382.90 5704.21
   0.45  897.65 3378.93 6456.07
   0.50  749.96 3301.71 7148.79
   0.55  685.50 3348.45 7883.71

0.5 sglass and cellulose
volfrac    comp    time     CO2
   0.20 1872.14 3385.44 3667.07
   0.25 1187.19 3440.76 4571.82
   0.30 1041.04 3321.67 5492.35
   0.35  916.95 3313.96 6355.19
   0.40  701.25 3406.73 7242.19
   0.45  716.44 3370.78 8166.40
   0.50  435.03 3330.91 9090.43
   0.55  484.33 3347.46 9994.32

0.25 sglass and pla
volfrac    comp    time     CO2
   0.20 2111.09 3408.28 3341.85
   0.25 1137.85 3377.54 4199.07
   0.30 1021.46 3317.11 5035.39
   0.35  726.27 3351.69 5872.65
   0.40  725.95 3364.69 6686.89
   0.45  608.34 3381.00 7541.83
   0.50  535.48 3369.90 8371.46
   0.55  524.82 3344.30 9182.86

0.5 sglass and pla
volfrac    comp    time     CO2
   0.20 1401.17 3412.53 3971.21
   0.25  829.68 3403.04 4972.51
   0.30  722.09 3326.23 5974.51
   0.35  520.16 3310.77 6943.78
   0.40  387.21 3374.21 7945.07
   0.45  382.95 3389.41 8935.13
   0.50  313.25 3330.44 9923.01
   0.55  309.05 3321.12 10892.06

0.25 sglass and petg
volfrac    comp    time     CO2
   0.20 5307.56 3434.93 3905.13
   0.25 4214.17 3432.56 4120.47
   0.30 3122.49 3322.46 4950.97
   0.35 1957.65 3317.32 5775.53
   0.40 2798.03 3388.23 6570.98
   0.45 1777.14 3402.95 7333.20
   0.50 1365.75 3340.86 8206.14
   0.55 1227.73 3316.71 8975.30

0.5 sglass and petg
volfrac    comp    time     CO2
   0.20 4235.31 3408.26 4136.24
   0.25 3879.12 3432.30 4901.40
   0.30 2965.05 3329.87 5860.66
   0.35 1822.50 3329.74 6831.37
   0.40 1517.88 3351.29 7798.27
   0.45 2000.40 3395.80 8704.73
   0.50 1132.64 3339.53 9666.30
   0.55  938.44 3332.11 10666.00

0.25 sglass and epoxy
volfrac    comp    time     CO2
   0.20 4448.56 3439.54 3716.13
   0.25 2376.63 3433.57 4109.05
   0.30 2426.46 3361.11 4911.61
   0.35 2066.28 3377.66 5712.96
   0.40 1609.84 3457.38 6562.61
   0.45 1164.73 3383.74 7302.28
   0.50 1026.50 3346.19 8155.61
   0.55 1306.37 3367.79 8917.86

0.5 sglass and epoxy
volfrac    comp    time     CO2
   0.20 2909.56 3439.26 3927.27
   0.25 2713.52 3423.38 4891.18
   0.30 1972.88 3399.56 5862.04
   0.35 1316.39 3387.50 6846.31
   0.40  985.08 3393.59 7800.76
   0.45 1202.59 3427.50 8779.40
   0.50 1088.76 3364.93 9692.54
   0.55  720.41 3405.34 10651.22

0.25 sglass and polyester
volfrac    comp    time     CO2
   0.20 1679.72 3394.25 3504.00
   0.25 1362.20 3378.58 4384.07
   0.30 1002.18 3321.37 5258.25
   0.35  841.30 3353.68 6119.79
   0.40  666.19 3393.77 7007.07
   0.45  679.26 3362.69 7838.71
   0.50  603.68 3319.32 8732.07
   0.55  550.60 3346.86 9593.82

0.5 sglass and polyester
volfrac    comp    time     CO2
   0.20 1082.18 3385.46 4075.48
   0.25 1153.91 3436.68 5085.00
   0.30  647.56 3317.31 6103.97
   0.35  454.70 3352.72 7154.67
   0.40  406.78 3389.98 8140.50
   0.45  455.03 3391.46 9142.71
   0.50  390.92 3335.92 10151.33
   0.55  390.37 3351.28 11128.20

0.25 eglass and cellulose
volfrac    comp    time     CO2
   0.20 2513.65 3365.54 2921.98
   0.25 2236.79 3440.66 3642.49
   0.30 1749.87 3350.98 4361.34
   0.35  971.54 3418.21 5110.33
   0.40  917.90 3372.83 5825.51
   0.45  771.86 3416.41 6540.65
   0.50  698.87 3368.93 7246.44
   0.55  618.41 3411.72 8018.58

0.5 eglass and cellulose
volfrac    comp    time     CO2
   0.20 1562.60 3376.13 3750.48
   0.25 1562.64 3424.41 4693.35
   0.30 1179.14 3362.52 5594.23
   0.35  632.74 3354.68 6504.73
   0.40  741.36 3395.99 7456.92
   0.45  528.52 3384.79 8388.95
   0.50  519.65 3359.33 9299.63
   0.55  511.74 3375.51 10246.76

0.25 eglass and pla
volfrac    comp    time     CO2
   0.20 1687.68 3323.21 3405.64
   0.25 1297.04 3355.98 4234.04
   0.30  991.85 3322.20 5097.68
   0.35  810.01 3341.88 5939.28
   0.40  771.39 3355.06 6778.73
   0.45  645.83 3349.16 7638.00
   0.50  632.20 3330.98 8464.97
   0.55  563.21 3337.82 9316.51

0.5 eglass and pla
volfrac    comp    time     CO2
   0.20 1214.03 3410.69 4064.46
   0.25  844.38 3389.07 5080.37
   0.30  650.45 3317.32 6108.93
   0.35  493.74 3321.96 7117.83
   0.40  473.36 3407.14 8124.04
   0.45  456.01 3345.93 9143.65
   0.50  358.77 3311.69 10156.17
   0.55  339.62 3336.52 11140.36

0.25 eglass and petg
volfrac    comp    time     CO2
   0.20 4835.82 3388.65 3716.67
   0.25 4035.85 3415.95 4182.08
   0.30 3086.20 3338.90 5008.90
   0.35 2695.89 3352.10 5814.61
   0.40 1167.78 3408.72 6676.27
   0.45 1377.10 3374.13 7467.25
   0.50 1266.50 3327.82 8318.90
   0.55  955.84 3351.87 9173.28

0.5 eglass and petg
volfrac    comp    time     CO2
   0.20 4082.07 3438.04 4013.65
   0.25 3539.70 3413.65 4992.13
   0.30 1871.38 3352.63 5997.89
   0.35 1787.08 3359.84 6990.21
   0.40 1529.48 3420.08 7975.96
   0.45 1179.07 3404.36 9006.83
   0.50 1189.70 3348.80 9924.39
   0.55  778.44 3369.99 10935.23

0.25 eglass and epoxy
volfrac    comp    time     CO2
   0.20 3930.89 3380.08 3328.71
   0.25 2792.34 3416.05 4161.99
   0.30 2331.67 3357.24 4977.49
   0.35 2552.84 3353.76 5808.21
   0.40 1455.73 3374.42 6646.90
   0.45 1592.01 3401.79 7430.66
   0.50 1032.68 3300.07 8243.12
   0.55  771.74 3321.75 9131.46

0.5 eglass and epoxy
volfrac    comp    time     CO2
   0.20 2179.68 3410.01 3991.91
   0.25 2384.35 3411.20 5007.47
   0.30 1789.37 3336.15 5993.21
   0.35 1933.83 3334.95 6967.12
   0.40 1075.97 3396.29 7990.13
   0.45  990.84 3361.54 8945.48
   0.50  748.49 3357.95 9932.73
   0.55  857.04 3352.12 10830.65

0.25 eglass and polyester
volfrac    comp    time     CO2
   0.20 1815.53 3349.83 3547.90
   0.25 1423.71 3362.86 4435.96
   0.30 1088.15 3360.00 5286.89
   0.35  851.82 3337.53 6206.85
   0.40  747.54 3315.88 7087.23
   0.45  668.88 3350.45 7981.16
   0.50  611.10 3328.62 8862.02
   0.55  576.41 3341.98 9689.30

0.5 eglass and polyester
volfrac    comp    time     CO2
   0.20 1414.25 3356.47 4168.18
   0.25  763.80 3365.39 5226.02
   0.30  677.65 3347.14 6253.93
   0.35  514.90 3365.69 7292.02
   0.40  457.39 3376.13 8349.03
   0.45  487.43 3370.57 9337.30
   0.50  348.49 3372.84 10400.80
   0.55  337.56 3355.52 11439.04
