0.25 bamboo and cellulose
volfrac    comp    time     CO2
   0.20 4420.32 3338.96 2096.85
   0.25 3855.72 3386.49 2417.21
   0.30 3021.78 3288.66 2906.33
   0.35 2510.08 3325.48 3392.60
   0.40 2226.59 3338.82 3875.17
   0.45 1993.50 3352.93 4359.22
   0.50 1802.24 3261.80 4844.21
   0.55 1648.12 3253.42 5325.38

0.5 bamboo and cellulose
volfrac    comp    time     CO2
   0.20 3571.79 3351.18 1786.71
   0.25 2506.79 3316.39 2233.10
   0.30 1956.18 3277.15 2677.43
   0.35 1703.04 3267.27 3118.07
   0.40 1470.03 3351.33 3575.07
   0.45 1319.04 3312.33 4013.83
   0.50 1187.63 3243.22 4456.85
   0.55 1090.25 3276.21 4904.11

0.25 bamboo and pla
volfrac    comp    time     CO2
   0.20 3987.86 3330.20 2447.69
   0.25 3111.42 3317.67 3021.74
   0.30 2377.29 3285.51 3625.05
   0.35 2038.07 3280.89 4226.97
   0.40 1775.42 3324.07 4833.59
   0.45 1571.89 3294.80 5433.13
   0.50 1426.97 3294.62 6033.78
   0.55 1316.88 3249.56 6639.69

0.5 bamboo and pla
volfrac    comp    time     CO2
   0.20 3159.58 3340.13 2105.03
   0.25 2173.69 3302.37 2626.45
   0.30 1780.89 3318.80 3156.80
   0.35 1498.75 3254.00 3678.45
   0.40 1302.31 3340.37 4205.51
   0.45 1159.34 3278.64 4735.64
   0.50 1043.09 3281.27 5255.25
   0.55  965.09 3300.08 5788.69

0.25 bamboo and petg
volfrac    comp    time     CO2
   0.20 4881.90 3357.77 2796.49
   0.25 4335.42 3343.42 3012.00
   0.30 3535.35 3302.23 3568.80
   0.35 2997.86 3326.05 4160.81
   0.40 2642.89 3357.20 4757.54
   0.45 2382.01 3325.61 5345.56
   0.50 2154.43 3282.55 5948.84
   0.55 1993.02 3303.76 6533.75

0.5 bamboo and petg
volfrac    comp    time     CO2
   0.20 4013.88 3337.26 2111.79
   0.25 2904.77 3324.21 2598.32
   0.30 2507.17 3300.52 3120.06
   0.35 1885.29 3334.68 3637.62
   0.40 1634.22 3343.09 4153.78
   0.45 1496.97 3350.83 4664.18
   0.50 1351.35 3299.17 5197.61
   0.55 1229.54 3278.48 5710.12

0.25 bamboo and epoxy
volfrac    comp    time     CO2
   0.20 4764.73 3326.46 2728.90
   0.25 4111.48 3345.71 2948.33
   0.30 3374.87 3308.95 3533.48
   0.35 2901.23 3334.12 4124.75
   0.40 2460.34 3331.24 4714.20
   0.45 2278.16 3347.96 5299.54
   0.50 2032.21 3316.02 5881.35
   0.55 1894.15 3314.32 6469.82

0.5 bamboo and epoxy
volfrac    comp    time     CO2
   0.20 3548.32 3342.41 2065.38
   0.25 2764.49 3326.79 2578.60
   0.30 2258.12 3350.85 3085.66
   0.35 1827.65 3327.42 3612.08
   0.40 1600.90 3353.79 4125.57
   0.45 1458.87 3329.57 4631.81
   0.50 1301.07 3298.70 5154.07
   0.55 1200.06 3295.91 5661.16

0.25 bamboo and polyester
volfrac    comp    time     CO2
   0.20 4143.96 3353.26 2711.89
   0.25 3164.60 3332.43 3208.28
   0.30 2540.77 3301.70 3852.74
   0.35 2212.33 3310.20 4487.50
   0.40 1884.95 3369.64 5133.86
   0.45 1683.24 3344.62 5778.89
   0.50 1523.89 3280.43 6408.91
   0.55 1396.46 3291.07 7054.38

0.5 bamboo and polyester
volfrac    comp    time     CO2
   0.20 3118.71 3333.88 2202.53
   0.25 2319.87 3317.29 2757.23
   0.30 1843.07 3320.98 3303.33
   0.35 1526.24 3254.88 3858.14
   0.40 1363.40 3335.56 4401.33
   0.45 1196.57 3294.03 4959.12
   0.50 1098.13 3296.00 5508.14
   0.55 1001.19 3271.66 6050.48

0.25 flax and cellulose
volfrac    comp    time     CO2
   0.20 2574.42 3380.30 2340.53
   0.25 2207.31 3344.93 2921.81
   0.30 1463.82 3353.32 3496.36
   0.35 1202.34 3335.05 4093.28
   0.40 1172.59 3381.50 4676.05
   0.45  985.64 3359.23 5251.31
   0.50  894.80 3342.63 5848.59
   0.55  861.93 3340.82 6418.83

0.5 flax and cellulose
volfrac    comp    time     CO2
   0.20 1633.24 3390.90 2590.10
   0.25 1576.87 3336.93 3233.89
   0.30 1027.44 3333.90 3880.02
   0.35  788.31 3307.10 4541.32
   0.40  693.56 3366.83 5177.61
   0.45  630.36 3333.89 5815.78
   0.50  542.70 3352.73 6463.56
   0.55  496.16 3337.00 7098.76

0.25 flax and pla
volfrac    comp    time     CO2
   0.20 2152.12 3373.18 2817.99
   0.25 1508.69 3320.03 3525.94
   0.30 1240.24 3311.52 4229.68
   0.35 1096.03 3286.74 4927.64
   0.40  919.36 3343.32 5631.10
   0.45  842.55 3319.09 6327.42
   0.50  777.95 3249.58 7023.10
   0.55  696.66 3256.88 7730.44

0.5 flax and pla
volfrac    comp    time     CO2
   0.20 1307.26 3333.44 2898.41
   0.25 1070.12 3353.22 3635.29
   0.30  745.11 3304.77 4371.89
   0.35  653.33 3249.02 5083.07
   0.40  556.74 3364.92 5813.18
   0.45  505.94 3304.43 6534.01
   0.50  502.09 3318.87 7245.76
   0.55  434.18 3277.31 7994.29

0.25 flax and petg
volfrac    comp    time     CO2
   0.20 4013.56 3362.80 2932.62
   0.25 2386.36 3402.64 3481.83
   0.30 2588.37 3324.23 4154.82
   0.35 1961.65 3348.85 4857.77
   0.40 1690.51 3342.71 5539.09
   0.45 1290.95 3384.40 6227.52
   0.50 1175.28 3324.07 6908.44
   0.55 1080.96 3339.64 7608.78

0.5 flax and petg
volfrac    comp    time     CO2
   0.20 2728.24 3365.32 2885.15
   0.25 2607.76 3425.64 3579.25
   0.30 1765.11 3311.13 4292.28
   0.35  856.53 3382.40 5026.02
   0.40 1038.39 3398.78 5737.42
   0.45 1011.79 3372.01 6427.56
   0.50  669.80 3353.90 7151.10
   0.55  734.28 3319.38 7856.69

0.25 flax and epoxy
volfrac    comp    time     CO2
   0.20 3580.55 3409.02 2758.21
   0.25 2623.77 3336.92 3446.09
   0.30 2536.82 3346.94 4129.53
   0.35 1453.24 3345.07 4797.41
   0.40 1270.17 3434.21 5506.66
   0.45 1234.99 3379.44 6184.51
   0.50 1041.75 3325.96 6867.31
   0.55  917.16 3311.44 7577.42

0.5 flax and epoxy
volfrac    comp    time     CO2
   0.20 2713.03 3375.58 2863.94
   0.25 1455.22 3351.21 3576.89
   0.30 1099.84 3308.76 4294.26
   0.35  985.21 3296.92 4988.49
   0.40  886.57 3361.98 5702.30
   0.45  888.21 3344.17 6392.15
   0.50  764.45 3346.86 7112.96
   0.55  641.55 3293.29 7834.56

0.25 flax and polyester
volfrac    comp    time     CO2
   0.20 2355.33 3347.06 2967.77
   0.25 1774.25 3330.38 3704.08
   0.30 1287.59 3307.44 4451.92
   0.35 1128.06 3328.30 5181.53
   0.40 1093.55 3349.27 5928.53
   0.45  877.71 3348.75 6661.46
   0.50  774.27 3292.51 7409.81
   0.55  723.89 3298.56 8136.96

0.5 flax and polyester
volfrac    comp    time     CO2
   0.20 1479.75 3397.22 2998.54
   0.25 1038.73 3402.85 3764.67
   0.30  854.48 3351.67 4507.18
   0.35  649.42 3313.62 5265.46
   0.40  599.45 3361.75 6017.27
   0.45  525.12 3324.99 6745.50
   0.50  475.99 3311.77 7523.12
   0.55  483.56 3323.37 8263.50

0.25 hemp and cellulose
volfrac    comp    time     CO2
   0.20 2281.35 3390.56 2351.69
   0.25 1631.26 3372.94 2940.67
   0.30 1346.24 3346.63 3520.73
   0.35 1512.61 3337.36 4088.09
   0.40  945.84 3398.12 4698.97
   0.45 1090.29 3348.97 5254.82
   0.50  894.05 3343.06 5843.50
   0.55  731.02 3327.52 6439.49

0.5 hemp and cellulose
volfrac    comp    time     CO2
   0.20 2034.86 3390.41 2603.43
   0.25 1903.82 3372.20 3250.46
   0.30  950.96 3336.35 3915.39
   0.35  935.45 3313.34 4546.61
   0.40  606.84 3384.90 5211.80
   0.45  601.82 3345.99 5846.68
   0.50  478.24 3345.21 6516.36
   0.55  469.22 3321.94 7134.62

0.25 hemp and pla
volfrac    comp    time     CO2
   0.20 2076.51 3363.57 2826.86
   0.25 1443.81 3331.86 3536.86
   0.30 1199.71 3322.48 4235.64
   0.35  941.64 3358.33 4950.55
   0.40  868.49 3367.31 5642.30
   0.45  765.29 3342.46 6346.26
   0.50  703.64 3357.41 7044.80
   0.55  621.96 3314.62 7757.73

0.5 hemp and pla
volfrac    comp    time     CO2
   0.20 1408.40 3338.44 2930.91
   0.25  870.90 3346.88 3661.11
   0.30  704.36 3328.14 4385.56
   0.35  591.37 3301.30 5125.45
   0.40  508.41 3361.85 5851.25
   0.45  448.69 3336.03 6580.21
   0.50  413.96 3336.81 7309.44
   0.55  398.16 3302.46 8021.04

0.25 hemp and petg
volfrac    comp    time     CO2
   0.20 4428.08 3383.96 3067.68
   0.25 2907.31 3394.58 3479.78
   0.30 1870.79 3367.16 4170.54
   0.35 1998.37 3365.71 4854.66
   0.40 2661.38 3371.62 5534.67
   0.45 1691.45 3384.96 6215.94
   0.50 1220.66 3361.83 6905.86
   0.55 1055.98 3346.74 7606.05

0.5 hemp and petg
volfrac    comp    time     CO2
   0.20 4023.14 3375.76 2956.64
   0.25 3773.03 3329.69 3609.64
   0.30 2232.59 3342.24 4320.49
   0.35 2175.53 3334.23 5024.66
   0.40 1694.60 3383.69 5728.44
   0.45 1295.19 3362.97 6449.10
   0.50  918.77 3323.82 7112.60
   0.55 1195.43 3328.26 7853.29

0.25 hemp and epoxy
volfrac    comp    time     CO2
   0.20 3584.26 3380.66 2765.37
   0.25 2597.22 3405.21 3455.64
   0.30 2019.71 3368.33 4121.99
   0.35 1958.22 3351.98 4813.34
   0.40 1293.46 3371.31 5531.38
   0.45 1142.12 3366.14 6204.78
   0.50 1054.54 3328.68 6860.64
   0.55  978.67 3347.76 7525.03

0.5 hemp and epoxy
volfrac    comp    time     CO2
   0.20 2067.22 3365.58 2871.98
   0.25 2151.59 3345.69 3600.12
   0.30 1256.01 3335.95 4318.87
   0.35 1250.87 3386.90 5031.85
   0.40  827.09 3372.90 5735.88
   0.45  711.81 3427.35 6463.19
   0.50  812.03 3350.25 7157.26
   0.55  786.95 3386.39 7846.87

0.25 hemp and polyester
volfrac    comp    time     CO2
   0.20 1990.80 3355.08 2973.58
   0.25 1417.45 3343.19 3723.05
   0.30 1248.37 3344.80 4462.74
   0.35  953.23 3331.10 5214.91
   0.40  868.13 3365.30 5952.42
   0.45  765.26 3340.25 6683.09
   0.50  732.75 3322.74 7442.58
   0.55  651.01 3313.55 8142.69

0.5 hemp and polyester
volfrac    comp    time     CO2
   0.20 1322.62 3381.13 3029.38
   0.25  926.43 3363.23 3790.32
   0.30  703.33 3361.44 4542.85
   0.35  665.05 3328.12 5291.11
   0.40  523.02 3359.38 6053.99
   0.45  468.18 3413.23 6813.23
   0.50  441.21 3362.48 7533.04
   0.55  405.27 3343.50 8331.45
   